<?xml version="1.0" encoding="UTF-8"?>
<coverage generated="1734125945156" clover="3.2.0">
  <project timestamp="1734125945156" name="All files">
    <metrics statements="438" coveredstatements="436" conditionals="69" coveredconditionals="64" methods="22" coveredmethods="19" elements="529" coveredelements="519" complexity="0" loc="438" ncloc="438" packages="9" files="10" classes="10"/>
    <package name="components.BookingInfo">
      <metrics statements="44" coveredstatements="44" conditionals="1" coveredconditionals="1" methods="1" coveredmethods="1"/>
      <file name="BookingInfo.jsx" path="C:\Users\hroth\OneDrive\github\individuell-examination\strajk-bowling\src\components\BookingInfo\BookingInfo.jsx">
        <metrics statements="44" coveredstatements="44" conditionals="1" coveredconditionals="1" methods="1" coveredmethods="1"/>
        <line num="1" count="1" type="stmt"/>
        <line num="3" count="1" type="stmt"/>
        <line num="5" count="76" type="cond" truecount="1" falsecount="0"/>
        <line num="6" count="76" type="stmt"/>
        <line num="7" count="76" type="stmt"/>
        <line num="8" count="76" type="stmt"/>
        <line num="9" count="76" type="stmt"/>
        <line num="10" count="76" type="stmt"/>
        <line num="11" count="76" type="stmt"/>
        <line num="12" count="76" type="stmt"/>
        <line num="13" count="76" type="stmt"/>
        <line num="14" count="76" type="stmt"/>
        <line num="15" count="76" type="stmt"/>
        <line num="16" count="76" type="stmt"/>
        <line num="17" count="76" type="stmt"/>
        <line num="18" count="76" type="stmt"/>
        <line num="19" count="76" type="stmt"/>
        <line num="20" count="76" type="stmt"/>
        <line num="21" count="76" type="stmt"/>
        <line num="22" count="76" type="stmt"/>
        <line num="23" count="76" type="stmt"/>
        <line num="24" count="76" type="stmt"/>
        <line num="25" count="76" type="stmt"/>
        <line num="26" count="76" type="stmt"/>
        <line num="27" count="76" type="stmt"/>
        <line num="28" count="76" type="stmt"/>
        <line num="29" count="76" type="stmt"/>
        <line num="30" count="76" type="stmt"/>
        <line num="31" count="76" type="stmt"/>
        <line num="32" count="76" type="stmt"/>
        <line num="33" count="76" type="stmt"/>
        <line num="34" count="76" type="stmt"/>
        <line num="35" count="76" type="stmt"/>
        <line num="36" count="76" type="stmt"/>
        <line num="37" count="76" type="stmt"/>
        <line num="38" count="76" type="stmt"/>
        <line num="39" count="76" type="stmt"/>
        <line num="40" count="76" type="stmt"/>
        <line num="41" count="76" type="stmt"/>
        <line num="42" count="76" type="stmt"/>
        <line num="43" count="76" type="stmt"/>
        <line num="44" count="76" type="stmt"/>
        <line num="46" count="76" type="stmt"/>
        <line num="48" count="1" type="stmt"/>
      </file>
    </package>
    <package name="components.ErrorMessage">
      <metrics statements="8" coveredstatements="8" conditionals="1" coveredconditionals="1" methods="1" coveredmethods="1"/>
      <file name="ErrorMessage.jsx" path="C:\Users\hroth\OneDrive\github\individuell-examination\strajk-bowling\src\components\ErrorMessage\ErrorMessage.jsx">
        <metrics statements="8" coveredstatements="8" conditionals="1" coveredconditionals="1" methods="1" coveredmethods="1"/>
        <line num="1" count="1" type="stmt"/>
        <line num="3" count="8" type="cond" truecount="1" falsecount="0"/>
        <line num="4" count="8" type="stmt"/>
        <line num="5" count="8" type="stmt"/>
        <line num="6" count="8" type="stmt"/>
        <line num="7" count="8" type="stmt"/>
        <line num="9" count="8" type="stmt"/>
        <line num="11" count="1" type="stmt"/>
      </file>
    </package>
    <package name="components.Input">
      <metrics statements="27" coveredstatements="27" conditionals="4" coveredconditionals="3" methods="1" coveredmethods="1"/>
      <file name="Input.jsx" path="C:\Users\hroth\OneDrive\github\individuell-examination\strajk-bowling\src\components\Input\Input.jsx">
        <metrics statements="27" coveredstatements="27" conditionals="4" coveredconditionals="3" methods="1" coveredmethods="1"/>
        <line num="1" count="1" type="stmt"/>
        <line num="3" count="379" type="cond" truecount="1" falsecount="0"/>
        <line num="4" count="379" type="stmt"/>
        <line num="5" count="379" type="stmt"/>
        <line num="6" count="379" type="stmt"/>
        <line num="7" count="379" type="stmt"/>
        <line num="8" count="379" type="stmt"/>
        <line num="9" count="379" type="stmt"/>
        <line num="10" count="379" type="stmt"/>
        <line num="11" count="379" type="stmt"/>
        <line num="12" count="379" type="stmt"/>
        <line num="13" count="379" type="stmt"/>
        <line num="14" count="379" type="stmt"/>
        <line num="15" count="379" type="stmt"/>
        <line num="16" count="379" type="stmt"/>
        <line num="17" count="379" type="stmt"/>
        <line num="18" count="379" type="cond" truecount="2" falsecount="0"/>
        <line num="19" count="379" type="stmt"/>
        <line num="20" count="379" type="stmt"/>
        <line num="21" count="379" type="stmt"/>
        <line num="22" count="379" type="cond" truecount="0" falsecount="1"/>
        <line num="23" count="379" type="stmt"/>
        <line num="24" count="379" type="stmt"/>
        <line num="25" count="379" type="stmt"/>
        <line num="26" count="379" type="stmt"/>
        <line num="28" count="379" type="stmt"/>
        <line num="30" count="1" type="stmt"/>
      </file>
    </package>
    <package name="components.Navigation">
      <metrics statements="18" coveredstatements="18" conditionals="4" coveredconditionals="1" methods="4" coveredmethods="1"/>
      <file name="Navigation.jsx" path="C:\Users\hroth\OneDrive\github\individuell-examination\strajk-bowling\src\components\Navigation\Navigation.jsx">
        <metrics statements="18" coveredstatements="18" conditionals="4" coveredconditionals="1" methods="4" coveredmethods="1"/>
        <line num="1" count="1" type="stmt"/>
        <line num="2" count="1" type="stmt"/>
        <line num="3" count="1" type="stmt"/>
        <line num="4" count="1" type="stmt"/>
        <line num="6" count="76" type="cond" truecount="1" falsecount="0"/>
        <line num="7" count="76" type="stmt"/>
        <line num="8" count="76" type="stmt"/>
        <line num="10" count="76" type="stmt"/>
        <line num="11" count="76" type="cond" truecount="0" falsecount="1"/>
        <line num="12" count="76" type="stmt"/>
        <line num="13" count="76" type="stmt"/>
        <line num="14" count="76" type="cond" truecount="0" falsecount="1"/>
        <line num="15" count="76" type="stmt"/>
        <line num="16" count="76" type="cond" truecount="0" falsecount="1"/>
        <line num="17" count="76" type="stmt"/>
        <line num="18" count="76" type="stmt"/>
        <line num="20" count="76" type="stmt"/>
        <line num="22" count="1" type="stmt"/>
      </file>
    </package>
    <package name="components.Shoes">
      <metrics statements="42" coveredstatements="42" conditionals="4" coveredconditionals="4" methods="3" coveredmethods="3"/>
      <file name="Shoes.jsx" path="C:\Users\hroth\OneDrive\github\individuell-examination\strajk-bowling\src\components\Shoes\Shoes.jsx">
        <metrics statements="42" coveredstatements="42" conditionals="4" coveredconditionals="4" methods="3" coveredmethods="3"/>
        <line num="1" count="1" type="stmt"/>
        <line num="2" count="1" type="stmt"/>
        <line num="4" count="1" type="stmt"/>
        <line num="6" count="76" type="cond" truecount="1" falsecount="0"/>
        <line num="7" count="76" type="cond" truecount="1" falsecount="0"/>
        <line num="8" count="75" type="stmt"/>
        <line num="9" count="75" type="stmt"/>
        <line num="10" count="75" type="stmt"/>
        <line num="11" count="75" type="stmt"/>
        <line num="12" count="75" type="stmt"/>
        <line num="13" count="75" type="stmt"/>
        <line num="14" count="75" type="stmt"/>
        <line num="15" count="75" type="stmt"/>
        <line num="16" count="75" type="stmt"/>
        <line num="17" count="75" type="stmt"/>
        <line num="18" count="75" type="stmt"/>
        <line num="19" count="75" type="stmt"/>
        <line num="20" count="75" type="stmt"/>
        <line num="21" count="75" type="cond" truecount="1" falsecount="0"/>
        <line num="22" count="1" type="stmt"/>
        <line num="23" count="1" type="stmt"/>
        <line num="24" count="75" type="stmt"/>
        <line num="26" count="75" type="stmt"/>
        <line num="27" count="75" type="stmt"/>
        <line num="30" count="75" type="stmt"/>
        <line num="31" count="76" type="stmt"/>
        <line num="33" count="76" type="stmt"/>
        <line num="34" count="76" type="stmt"/>
        <line num="35" count="76" type="stmt"/>
        <line num="36" count="76" type="stmt"/>
        <line num="37" count="76" type="stmt"/>
        <line num="38" count="76" type="stmt"/>
        <line num="39" count="76" type="stmt"/>
        <line num="40" count="76" type="stmt"/>
        <line num="41" count="76" type="cond" truecount="1" falsecount="0"/>
        <line num="42" count="15" type="stmt"/>
        <line num="43" count="15" type="stmt"/>
        <line num="44" count="76" type="stmt"/>
        <line num="46" count="76" type="stmt"/>
        <line num="47" count="76" type="stmt"/>
        <line num="49" count="76" type="stmt"/>
        <line num="51" count="1" type="stmt"/>
      </file>
    </package>
    <package name="components.Top">
      <metrics statements="10" coveredstatements="10" conditionals="1" coveredconditionals="1" methods="1" coveredmethods="1"/>
      <file name="Top.jsx" path="C:\Users\hroth\OneDrive\github\individuell-examination\strajk-bowling\src\components\Top\Top.jsx">
        <metrics statements="10" coveredstatements="10" conditionals="1" coveredconditionals="1" methods="1" coveredmethods="1"/>
        <line num="1" count="1" type="stmt"/>
        <line num="2" count="1" type="stmt"/>
        <line num="4" count="76" type="cond" truecount="1" falsecount="0"/>
        <line num="5" count="76" type="stmt"/>
        <line num="6" count="76" type="stmt"/>
        <line num="7" count="76" type="stmt"/>
        <line num="8" count="76" type="stmt"/>
        <line num="9" count="76" type="stmt"/>
        <line num="11" count="76" type="stmt"/>
        <line num="13" count="1" type="stmt"/>
      </file>
    </package>
    <package name="mocks">
      <metrics statements="28" coveredstatements="26" conditionals="1" coveredconditionals="1" methods="0" coveredmethods="0"/>
      <file name="handlers.js" path="C:\Users\hroth\OneDrive\github\individuell-examination\strajk-bowling\src\mocks\handlers.js">
        <metrics statements="24" coveredstatements="22" conditionals="1" coveredconditionals="1" methods="0" coveredmethods="0"/>
        <line num="1" count="1" type="stmt"/>
        <line num="2" count="1" type="stmt"/>
        <line num="3" count="1" type="stmt"/>
        <line num="4" count="1" type="stmt"/>
        <line num="5" count="0" type="stmt"/>
        <line num="6" count="0" type="stmt"/>
        <line num="7" count="1" type="stmt"/>
        <line num="8" count="1" type="cond" truecount="1" falsecount="0"/>
        <line num="9" count="1" type="stmt"/>
        <line num="10" count="1" type="stmt"/>
        <line num="11" count="1" type="stmt"/>
        <line num="12" count="1" type="stmt"/>
        <line num="13" count="1" type="stmt"/>
        <line num="14" count="1" type="stmt"/>
        <line num="15" count="1" type="stmt"/>
        <line num="16" count="1" type="stmt"/>
        <line num="17" count="1" type="stmt"/>
        <line num="18" count="1" type="stmt"/>
        <line num="19" count="1" type="stmt"/>
        <line num="20" count="1" type="stmt"/>
        <line num="21" count="1" type="stmt"/>
        <line num="22" count="1" type="stmt"/>
        <line num="23" count="1" type="stmt"/>
        <line num="24" count="1" type="stmt"/>
      </file>
      <file name="server.js" path="C:\Users\hroth\OneDrive\github\individuell-examination\strajk-bowling\src\mocks\server.js">
        <metrics statements="4" coveredstatements="4" conditionals="0" coveredconditionals="0" methods="0" coveredmethods="0"/>
        <line num="1" count="1" type="stmt"/>
        <line num="2" count="1" type="stmt"/>
        <line num="3" count="1" type="stmt"/>
        <line num="4" count="1" type="stmt"/>
      </file>
    </package>
    <package name="tests">
      <metrics statements="136" coveredstatements="136" conditionals="15" coveredconditionals="15" methods="0" coveredmethods="0"/>
      <file name="Booking.test.jsx" path="C:\Users\hroth\OneDrive\github\individuell-examination\strajk-bowling\src\tests\Booking.test.jsx">
        <metrics statements="136" coveredstatements="136" conditionals="15" coveredconditionals="15" methods="0" coveredmethods="0"/>
        <line num="1" count="1" type="stmt"/>
        <line num="2" count="1" type="stmt"/>
        <line num="3" count="1" type="stmt"/>
        <line num="4" count="1" type="stmt"/>
        <line num="7" count="1" type="cond" truecount="1" falsecount="0"/>
        <line num="9" count="1" type="stmt"/>
        <line num="10" count="1" type="stmt"/>
        <line num="11" count="1" type="stmt"/>
        <line num="12" count="1" type="stmt"/>
        <line num="13" count="1" type="stmt"/>
        <line num="14" count="1" type="stmt"/>
        <line num="16" count="1" type="cond" truecount="1" falsecount="0"/>
        <line num="17" count="10" type="stmt"/>
        <line num="18" count="10" type="stmt"/>
        <line num="19" count="10" type="stmt"/>
        <line num="20" count="10" type="stmt"/>
        <line num="21" count="10" type="stmt"/>
        <line num="22" count="10" type="stmt"/>
        <line num="23" count="10" type="stmt"/>
        <line num="24" count="10" type="stmt"/>
        <line num="25" count="10" type="stmt"/>
        <line num="26" count="10" type="stmt"/>
        <line num="27" count="10" type="stmt"/>
        <line num="28" count="1" type="stmt"/>
        <line num="30" count="1" type="cond" truecount="1" falsecount="0"/>
        <line num="31" count="1" type="stmt"/>
        <line num="32" count="1" type="stmt"/>
        <line num="33" count="1" type="stmt"/>
        <line num="34" count="1" type="stmt"/>
        <line num="35" count="1" type="stmt"/>
        <line num="36" count="1" type="stmt"/>
        <line num="37" count="1" type="stmt"/>
        <line num="38" count="1" type="stmt"/>
        <line num="39" count="1" type="stmt"/>
        <line num="40" count="1" type="stmt"/>
        <line num="41" count="1" type="stmt"/>
        <line num="42" count="1" type="stmt"/>
        <line num="43" count="1" type="stmt"/>
        <line num="44" count="1" type="cond" truecount="1" falsecount="0"/>
        <line num="45" count="2" type="stmt"/>
        <line num="46" count="2" type="stmt"/>
        <line num="47" count="1" type="stmt"/>
        <line num="48" count="1" type="stmt"/>
        <line num="51" count="1" type="cond" truecount="1" falsecount="0"/>
        <line num="52" count="1" type="stmt"/>
        <line num="53" count="1" type="stmt"/>
        <line num="54" count="1" type="stmt"/>
        <line num="55" count="1" type="stmt"/>
        <line num="58" count="1" type="cond" truecount="1" falsecount="0"/>
        <line num="59" count="1" type="stmt"/>
        <line num="60" count="1" type="stmt"/>
        <line num="61" count="1" type="stmt"/>
        <line num="62" count="1" type="stmt"/>
        <line num="63" count="1" type="stmt"/>
        <line num="64" count="1" type="stmt"/>
        <line num="65" count="1" type="stmt"/>
        <line num="66" count="1" type="stmt"/>
        <line num="67" count="1" type="stmt"/>
        <line num="69" count="1" type="cond" truecount="1" falsecount="0"/>
        <line num="70" count="1" type="stmt"/>
        <line num="71" count="1" type="stmt"/>
        <line num="72" count="1" type="stmt"/>
        <line num="73" count="1" type="stmt"/>
        <line num="74" count="1" type="stmt"/>
        <line num="75" count="1" type="stmt"/>
        <line num="76" count="1" type="stmt"/>
        <line num="77" count="1" type="stmt"/>
        <line num="78" count="1" type="stmt"/>
        <line num="80" count="1" type="cond" truecount="1" falsecount="0"/>
        <line num="81" count="1" type="stmt"/>
        <line num="82" count="1" type="stmt"/>
        <line num="83" count="1" type="stmt"/>
        <line num="84" count="1" type="stmt"/>
        <line num="85" count="1" type="stmt"/>
        <line num="86" count="1" type="stmt"/>
        <line num="87" count="1" type="stmt"/>
        <line num="88" count="1" type="stmt"/>
        <line num="89" count="1" type="stmt"/>
        <line num="91" count="1" type="cond" truecount="1" falsecount="0"/>
        <line num="92" count="1" type="stmt"/>
        <line num="93" count="1" type="stmt"/>
        <line num="94" count="1" type="stmt"/>
        <line num="95" count="1" type="stmt"/>
        <line num="96" count="1" type="stmt"/>
        <line num="97" count="1" type="stmt"/>
        <line num="98" count="1" type="stmt"/>
        <line num="99" count="1" type="stmt"/>
        <line num="100" count="1" type="stmt"/>
        <line num="103" count="1" type="cond" truecount="1" falsecount="0"/>
        <line num="104" count="1" type="stmt"/>
        <line num="105" count="1" type="stmt"/>
        <line num="106" count="1" type="stmt"/>
        <line num="107" count="1" type="stmt"/>
        <line num="108" count="1" type="cond" truecount="1" falsecount="0"/>
        <line num="109" count="5" type="stmt"/>
        <line num="110" count="5" type="stmt"/>
        <line num="111" count="1" type="stmt"/>
        <line num="112" count="1" type="cond" truecount="1" falsecount="0"/>
        <line num="113" count="5" type="stmt"/>
        <line num="114" count="5" type="stmt"/>
        <line num="115" count="1" type="stmt"/>
        <line num="116" count="1" type="stmt"/>
        <line num="117" count="1" type="stmt"/>
        <line num="120" count="1" type="cond" truecount="1" falsecount="0"/>
        <line num="121" count="1" type="stmt"/>
        <line num="122" count="1" type="stmt"/>
        <line num="123" count="1" type="stmt"/>
        <line num="124" count="1" type="stmt"/>
        <line num="125" count="1" type="stmt"/>
        <line num="126" count="1" type="stmt"/>
        <line num="127" count="1" type="stmt"/>
        <line num="128" count="1" type="stmt"/>
        <line num="131" count="1" type="cond" truecount="1" falsecount="0"/>
        <line num="132" count="1" type="stmt"/>
        <line num="133" count="1" type="stmt"/>
        <line num="134" count="1" type="stmt"/>
        <line num="135" count="1" type="stmt"/>
        <line num="136" count="1" type="stmt"/>
        <line num="137" count="1" type="stmt"/>
        <line num="138" count="1" type="stmt"/>
        <line num="139" count="1" type="stmt"/>
        <line num="140" count="1" type="stmt"/>
        <line num="141" count="1" type="stmt"/>
        <line num="142" count="1" type="stmt"/>
        <line num="143" count="1" type="stmt"/>
        <line num="146" count="1" type="cond" truecount="1" falsecount="0"/>
        <line num="147" count="1" type="stmt"/>
        <line num="148" count="1" type="stmt"/>
        <line num="149" count="1" type="stmt"/>
        <line num="150" count="1" type="stmt"/>
        <line num="151" count="1" type="stmt"/>
        <line num="152" count="1" type="stmt"/>
        <line num="153" count="1" type="stmt"/>
        <line num="154" count="1" type="stmt"/>
        <line num="155" count="1" type="stmt"/>
        <line num="157" count="1" type="stmt"/>
      </file>
    </package>
    <package name="views">
      <metrics statements="125" coveredstatements="125" conditionals="38" coveredconditionals="37" methods="11" coveredmethods="11"/>
      <file name="Booking.jsx" path="C:\Users\hroth\OneDrive\github\individuell-examination\strajk-bowling\src\views\Booking.jsx">
        <metrics statements="125" coveredstatements="125" conditionals="38" coveredconditionals="37" methods="11" coveredmethods="11"/>
        <line num="1" count="1" type="stmt"/>
        <line num="2" count="1" type="stmt"/>
        <line num="3" count="1" type="stmt"/>
        <line num="5" count="1" type="stmt"/>
        <line num="6" count="1" type="stmt"/>
        <line num="7" count="1" type="stmt"/>
        <line num="8" count="1" type="stmt"/>
        <line num="9" count="1" type="stmt"/>
        <line num="11" count="76" type="cond" truecount="1" falsecount="0"/>
        <line num="12" count="76" type="stmt"/>
        <line num="13" count="76" type="stmt"/>
        <line num="14" count="76" type="stmt"/>
        <line num="15" count="76" type="stmt"/>
        <line num="16" count="76" type="stmt"/>
        <line num="17" count="76" type="stmt"/>
        <line num="18" count="76" type="stmt"/>
        <line num="19" count="76" type="stmt"/>
        <line num="20" count="76" type="stmt"/>
        <line num="22" count="76" type="cond" truecount="1" falsecount="0"/>
        <line num="23" count="29" type="stmt"/>
        <line num="24" count="29" type="stmt"/>
        <line num="26" count="29" type="cond" truecount="1" falsecount="0"/>
        <line num="27" count="29" type="stmt"/>
        <line num="28" count="29" type="stmt"/>
        <line num="29" count="29" type="stmt"/>
        <line num="30" count="29" type="stmt"/>
        <line num="32" count="76" type="cond" truecount="1" falsecount="0"/>
        <line num="33" count="12" type="stmt"/>
        <line num="34" count="12" type="stmt"/>
        <line num="36" count="12" type="cond" truecount="0" falsecount="1"/>
        <line num="37" count="12" type="cond" truecount="1" falsecount="0"/>
        <line num="38" count="12" type="cond" truecount="1" falsecount="0"/>
        <line num="39" count="34" type="cond" truecount="2" falsecount="0"/>
        <line num="40" count="12" type="stmt"/>
        <line num="41" count="12" type="stmt"/>
        <line num="42" count="12" type="stmt"/>
        <line num="43" count="12" type="stmt"/>
        <line num="45" count="76" type="cond" truecount="1" falsecount="0"/>
        <line num="46" count="15" type="stmt"/>
        <line num="48" count="15" type="stmt"/>
        <line num="49" count="15" type="stmt"/>
        <line num="51" count="76" type="cond" truecount="1" falsecount="0"/>
        <line num="52" count="1" type="stmt"/>
        <line num="54" count="1" type="cond" truecount="1" falsecount="0"/>
        <line num="55" count="1" type="stmt"/>
        <line num="57" count="76" type="cond" truecount="1" falsecount="0"/>
        <line num="58" count="3" type="stmt"/>
        <line num="60" count="3" type="cond" truecount="3" falsecount="0"/>
        <line num="62" count="3" type="stmt"/>
        <line num="63" count="3" type="stmt"/>
        <line num="65" count="76" type="cond" truecount="1" falsecount="0"/>
        <line num="66" count="2" type="stmt"/>
        <line num="67" count="2" type="stmt"/>
        <line num="69" count="2" type="cond" truecount="1" falsecount="0"/>
        <line num="71" count="1" type="stmt"/>
        <line num="72" count="2" type="stmt"/>
        <line num="74" count="76" type="cond" truecount="1" falsecount="0"/>
        <line num="75" count="1" type="stmt"/>
        <line num="76" count="1" type="stmt"/>
        <line num="77" count="1" type="stmt"/>
        <line num="78" count="1" type="stmt"/>
        <line num="79" count="1" type="stmt"/>
        <line num="80" count="1" type="stmt"/>
        <line num="81" count="1" type="stmt"/>
        <line num="82" count="1" type="stmt"/>
        <line num="83" count="1" type="stmt"/>
        <line num="84" count="1" type="stmt"/>
        <line num="85" count="1" type="stmt"/>
        <line num="87" count="1" type="stmt"/>
        <line num="88" count="1" type="stmt"/>
        <line num="90" count="76" type="cond" truecount="1" falsecount="0"/>
        <line num="91" count="4" type="stmt"/>
        <line num="92" count="4" type="stmt"/>
        <line num="94" count="76" type="cond" truecount="1" falsecount="0"/>
        <line num="95" count="1" type="cond" truecount="1" falsecount="0"/>
        <line num="96" count="1" type="stmt"/>
        <line num="98" count="1" type="stmt"/>
        <line num="99" count="1" type="stmt"/>
        <line num="100" count="1" type="stmt"/>
        <line num="102" count="76" type="cond" truecount="1" falsecount="0"/>
        <line num="103" count="9" type="stmt"/>
        <line num="105" count="9" type="cond" truecount="4" falsecount="0"/>
        <line num="106" count="5" type="stmt"/>
        <line num="107" count="9" type="cond" truecount="2" falsecount="0"/>
        <line num="108" count="1" type="stmt"/>
        <line num="109" count="4" type="cond" truecount="2" falsecount="0"/>
        <line num="110" count="1" type="stmt"/>
        <line num="111" count="3" type="cond" truecount="2" falsecount="0"/>
        <line num="112" count="1" type="stmt"/>
        <line num="113" count="1" type="stmt"/>
        <line num="116" count="9" type="cond" truecount="1" falsecount="0"/>
        <line num="117" count="8" type="stmt"/>
        <line num="118" count="8" type="stmt"/>
        <line num="119" count="8" type="cond" truecount="1" falsecount="0"/>
        <line num="121" count="1" type="stmt"/>
        <line num="122" count="1" type="stmt"/>
        <line num="123" count="1" type="stmt"/>
        <line num="124" count="1" type="stmt"/>
        <line num="125" count="1" type="cond" truecount="1" falsecount="0"/>
        <line num="126" count="1" type="stmt"/>
        <line num="128" count="1" type="stmt"/>
        <line num="130" count="1" type="stmt"/>
        <line num="132" count="1" type="stmt"/>
        <line num="133" count="1" type="stmt"/>
        <line num="135" count="1" type="stmt"/>
        <line num="136" count="1" type="stmt"/>
        <line num="137" count="1" type="stmt"/>
        <line num="138" count="9" type="stmt"/>
        <line num="140" count="76" type="stmt"/>
        <line num="141" count="76" type="stmt"/>
        <line num="142" count="76" type="stmt"/>
        <line num="143" count="76" type="stmt"/>
        <line num="144" count="76" type="stmt"/>
        <line num="145" count="76" type="stmt"/>
        <line num="146" count="76" type="stmt"/>
        <line num="147" count="76" type="stmt"/>
        <line num="148" count="76" type="stmt"/>
        <line num="149" count="76" type="stmt"/>
        <line num="150" count="76" type="stmt"/>
        <line num="151" count="76" type="stmt"/>
        <line num="153" count="76" type="stmt"/>
        <line num="154" count="76" type="cond" truecount="2" falsecount="0"/>
        <line num="155" count="76" type="stmt"/>
        <line num="157" count="76" type="stmt"/>
        <line num="159" count="1" type="stmt"/>
      </file>
    </package>
  </project>
</coverage>
