{"total": {"lines":{"total":438,"covered":436,"skipped":0,"pct":99.54},"statements":{"total":438,"covered":436,"skipped":0,"pct":99.54},"functions":{"total":22,"covered":19,"skipped":0,"pct":86.36},"branches":{"total":69,"covered":64,"skipped":0,"pct":92.75},"branchesTrue":{"total":0,"covered":0,"skipped":0,"pct":100}}
,"C:\\Users\\hroth\\OneDrive\\github\\individuell-examination\\strajk-bowling\\src\\components\\BookingInfo\\BookingInfo.jsx": {"lines":{"total":44,"covered":44,"skipped":0,"pct":100},"functions":{"total":1,"covered":1,"skipped":0,"pct":100},"statements":{"total":44,"covered":44,"skipped":0,"pct":100},"branches":{"total":1,"covered":1,"skipped":0,"pct":100}}
,"C:\\Users\\hroth\\OneDrive\\github\\individuell-examination\\strajk-bowling\\src\\components\\ErrorMessage\\ErrorMessage.jsx": {"lines":{"total":8,"covered":8,"skipped":0,"pct":100},"functions":{"total":1,"covered":1,"skipped":0,"pct":100},"statements":{"total":8,"covered":8,"skipped":0,"pct":100},"branches":{"total":1,"covered":1,"skipped":0,"pct":100}}
,"C:\\Users\\hroth\\OneDrive\\github\\individuell-examination\\strajk-bowling\\src\\components\\Input\\Input.jsx": {"lines":{"total":27,"covered":27,"skipped":0,"pct":100},"functions":{"total":1,"covered":1,"skipped":0,"pct":100},"statements":{"total":27,"covered":27,"skipped":0,"pct":100},"branches":{"total":4,"covered":3,"skipped":0,"pct":75}}
,"C:\\Users\\hroth\\OneDrive\\github\\individuell-examination\\strajk-bowling\\src\\components\\Navigation\\Navigation.jsx": {"lines":{"total":18,"covered":18,"skipped":0,"pct":100},"functions":{"total":4,"covered":1,"skipped":0,"pct":25},"statements":{"total":18,"covered":18,"skipped":0,"pct":100},"branches":{"total":4,"covered":1,"skipped":0,"pct":25}}
,"C:\\Users\\hroth\\OneDrive\\github\\individuell-examination\\strajk-bowling\\src\\components\\Shoes\\Shoes.jsx": {"lines":{"total":42,"covered":42,"skipped":0,"pct":100},"functions":{"total":3,"covered":3,"skipped":0,"pct":100},"statements":{"total":42,"covered":42,"skipped":0,"pct":100},"branches":{"total":4,"covered":4,"skipped":0,"pct":100}}
,"C:\\Users\\hroth\\OneDrive\\github\\individuell-examination\\strajk-bowling\\src\\components\\Top\\Top.jsx": {"lines":{"total":10,"covered":10,"skipped":0,"pct":100},"functions":{"total":1,"covered":1,"skipped":0,"pct":100},"statements":{"total":10,"covered":10,"skipped":0,"pct":100},"branches":{"total":1,"covered":1,"skipped":0,"pct":100}}
,"C:\\Users\\hroth\\OneDrive\\github\\individuell-examination\\strajk-bowling\\src\\mocks\\handlers.js": {"lines":{"total":24,"covered":22,"skipped":0,"pct":91.66},"functions":{"total":0,"covered":0,"skipped":0,"pct":100},"statements":{"total":24,"covered":22,"skipped":0,"pct":91.66},"branches":{"total":1,"covered":1,"skipped":0,"pct":100}}
,"C:\\Users\\hroth\\OneDrive\\github\\individuell-examination\\strajk-bowling\\src\\mocks\\server.js": {"lines":{"total":4,"covered":4,"skipped":0,"pct":100},"functions":{"total":0,"covered":0,"skipped":0,"pct":100},"statements":{"total":4,"covered":4,"skipped":0,"pct":100},"branches":{"total":0,"covered":0,"skipped":0,"pct":100}}
,"C:\\Users\\hroth\\OneDrive\\github\\individuell-examination\\strajk-bowling\\src\\tests\\Booking.test.jsx": {"lines":{"total":136,"covered":136,"skipped":0,"pct":100},"functions":{"total":0,"covered":0,"skipped":0,"pct":100},"statements":{"total":136,"covered":136,"skipped":0,"pct":100},"branches":{"total":15,"covered":15,"skipped":0,"pct":100}}
,"C:\\Users\\hroth\\OneDrive\\github\\individuell-examination\\strajk-bowling\\src\\views\\Booking.jsx": {"lines":{"total":125,"covered":125,"skipped":0,"pct":100},"functions":{"total":11,"covered":11,"skipped":0,"pct":100},"statements":{"total":125,"covered":125,"skipped":0,"pct":100},"branches":{"total":38,"covered":37,"skipped":0,"pct":97.36}}
}
