{"C:\\Users\\hroth\\OneDrive\\github\\individuell-examination\\strajk-bowling\\src\\components\\Input\\Input.jsx": {"path":"C:\\Users\\hroth\\OneDrive\\github\\individuell-examination\\strajk-bowling\\src\\components\\Input\\Input.jsx","all":false,"statementMap":{"0":{"start":{"line":1,"column":0},"end":{"line":1,"column":22}},"2":{"start":{"line":3,"column":0},"end":{"line":3,"column":16}},"3":{"start":{"line":4,"column":0},"end":{"line":4,"column":8}},"4":{"start":{"line":5,"column":0},"end":{"line":5,"column":7}},"5":{"start":{"line":6,"column":0},"end":{"line":6,"column":14}},"6":{"start":{"line":7,"column":0},"end":{"line":7,"column":7}},"7":{"start":{"line":8,"column":0},"end":{"line":8,"column":15}},"8":{"start":{"line":9,"column":0},"end":{"line":9,"column":15}},"9":{"start":{"line":10,"column":0},"end":{"line":10,"column":11}},"10":{"start":{"line":11,"column":0},"end":{"line":11,"column":12}},"11":{"start":{"line":12,"column":0},"end":{"line":12,"column":4}},"12":{"start":{"line":13,"column":0},"end":{"line":13,"column":10}},"13":{"start":{"line":14,"column":0},"end":{"line":14,"column":31}},"14":{"start":{"line":15,"column":0},"end":{"line":15,"column":68}},"15":{"start":{"line":16,"column":0},"end":{"line":16,"column":12}},"16":{"start":{"line":17,"column":0},"end":{"line":17,"column":19}},"17":{"start":{"line":18,"column":0},"end":{"line":18,"column":68}},"18":{"start":{"line":19,"column":0},"end":{"line":19,"column":17}},"19":{"start":{"line":20,"column":0},"end":{"line":20,"column":19}},"20":{"start":{"line":21,"column":0},"end":{"line":21,"column":31}},"21":{"start":{"line":22,"column":0},"end":{"line":22,"column":55}},"22":{"start":{"line":23,"column":0},"end":{"line":23,"column":29}},"23":{"start":{"line":24,"column":0},"end":{"line":24,"column":27}},"24":{"start":{"line":25,"column":0},"end":{"line":25,"column":8}},"25":{"start":{"line":26,"column":0},"end":{"line":26,"column":14}},"27":{"start":{"line":28,"column":0},"end":{"line":28,"column":1}},"29":{"start":{"line":30,"column":0},"end":{"line":30,"column":21}}},"s":{"0":1,"2":4,"3":4,"4":4,"5":4,"6":4,"7":4,"8":4,"9":4,"10":4,"11":4,"12":4,"13":4,"14":4,"15":4,"16":4,"17":4,"18":4,"19":4,"20":4,"21":4,"22":4,"23":4,"24":4,"25":4,"27":4,"29":1},"branchMap":{"0":{"type":"branch","line":3,"loc":{"start":{"line":3,"column":0},"end":{"line":28,"column":1}},"locations":[{"start":{"line":3,"column":0},"end":{"line":28,"column":1}}]},"1":{"type":"branch","line":18,"loc":{"start":{"line":18,"column":49},"end":{"line":18,"column":65}},"locations":[{"start":{"line":18,"column":49},"end":{"line":18,"column":65}}]},"2":{"type":"branch","line":22,"loc":{"start":{"line":22,"column":37},"end":{"line":22,"column":55}},"locations":[{"start":{"line":22,"column":37},"end":{"line":22,"column":55}}]}},"b":{"0":[4],"1":[0],"2":[0]},"fnMap":{"0":{"name":"Input","decl":{"start":{"line":3,"column":0},"end":{"line":28,"column":1}},"loc":{"start":{"line":3,"column":0},"end":{"line":28,"column":1}},"line":3}},"f":{"0":4}}
,"C:\\Users\\hroth\\OneDrive\\github\\individuell-examination\\strajk-bowling\\src\\components\\Navigation\\Navigation.jsx": {"path":"C:\\Users\\hroth\\OneDrive\\github\\individuell-examination\\strajk-bowling\\src\\components\\Navigation\\Navigation.jsx","all":false,"statementMap":{"0":{"start":{"line":1,"column":0},"end":{"line":1,"column":27}},"1":{"start":{"line":2,"column":0},"end":{"line":2,"column":47}},"2":{"start":{"line":3,"column":0},"end":{"line":3,"column":47}},"3":{"start":{"line":4,"column":0},"end":{"line":4,"column":33}},"5":{"start":{"line":6,"column":0},"end":{"line":6,"column":23}},"6":{"start":{"line":7,"column":0},"end":{"line":7,"column":35}},"7":{"start":{"line":8,"column":0},"end":{"line":8,"column":52}},"9":{"start":{"line":10,"column":0},"end":{"line":10,"column":12}},"10":{"start":{"line":11,"column":0},"end":{"line":11,"column":73}},"11":{"start":{"line":12,"column":0},"end":{"line":12,"column":61}},"12":{"start":{"line":13,"column":0},"end":{"line":13,"column":58}},"13":{"start":{"line":14,"column":0},"end":{"line":14,"column":85}},"14":{"start":{"line":15,"column":0},"end":{"line":15,"column":58}},"15":{"start":{"line":16,"column":0},"end":{"line":16,"column":85}},"16":{"start":{"line":17,"column":0},"end":{"line":17,"column":75}},"17":{"start":{"line":18,"column":0},"end":{"line":18,"column":14}},"19":{"start":{"line":20,"column":0},"end":{"line":20,"column":1}},"21":{"start":{"line":22,"column":0},"end":{"line":22,"column":26}}},"s":{"0":1,"1":1,"2":1,"3":1,"5":2,"6":2,"7":2,"9":2,"10":2,"11":2,"12":2,"13":2,"14":2,"15":2,"16":2,"17":2,"19":2,"21":1},"branchMap":{"0":{"type":"branch","line":6,"loc":{"start":{"line":6,"column":0},"end":{"line":20,"column":1}},"locations":[{"start":{"line":6,"column":0},"end":{"line":20,"column":1}}]},"1":{"type":"branch","line":11,"loc":{"start":{"line":11,"column":40},"end":{"line":11,"column":65}},"locations":[{"start":{"line":11,"column":40},"end":{"line":11,"column":65}}]},"2":{"type":"branch","line":14,"loc":{"start":{"line":14,"column":57},"end":{"line":14,"column":73}},"locations":[{"start":{"line":14,"column":57},"end":{"line":14,"column":73}}]},"3":{"type":"branch","line":16,"loc":{"start":{"line":16,"column":57},"end":{"line":16,"column":73}},"locations":[{"start":{"line":16,"column":57},"end":{"line":16,"column":73}}]}},"b":{"0":[2],"1":[0],"2":[0],"3":[0]},"fnMap":{"0":{"name":"Navigation","decl":{"start":{"line":6,"column":0},"end":{"line":20,"column":1}},"loc":{"start":{"line":6,"column":0},"end":{"line":20,"column":1}},"line":6},"1":{"name":"onClick","decl":{"start":{"line":13,"column":22},"end":{"line":13,"column":56}},"loc":{"start":{"line":13,"column":22},"end":{"line":13,"column":56}},"line":13},"2":{"name":"onClick","decl":{"start":{"line":15,"column":22},"end":{"line":15,"column":47}},"loc":{"start":{"line":15,"column":22},"end":{"line":15,"column":47}},"line":15},"3":{"name":"onClick","decl":{"start":{"line":17,"column":22},"end":{"line":17,"column":59}},"loc":{"start":{"line":17,"column":22},"end":{"line":17,"column":59}},"line":17}},"f":{"0":2,"1":0,"2":0,"3":0}}
,"C:\\Users\\hroth\\OneDrive\\github\\individuell-examination\\strajk-bowling\\src\\components\\Top\\Top.jsx": {"path":"C:\\Users\\hroth\\OneDrive\\github\\individuell-examination\\strajk-bowling\\src\\components\\Top\\Top.jsx","all":false,"statementMap":{"0":{"start":{"line":1,"column":0},"end":{"line":1,"column":20}},"1":{"start":{"line":2,"column":0},"end":{"line":2,"column":48}},"3":{"start":{"line":4,"column":0},"end":{"line":4,"column":25}},"4":{"start":{"line":5,"column":0},"end":{"line":5,"column":12}},"5":{"start":{"line":6,"column":0},"end":{"line":6,"column":32}},"6":{"start":{"line":7,"column":0},"end":{"line":7,"column":54}},"7":{"start":{"line":8,"column":0},"end":{"line":8,"column":53}},"8":{"start":{"line":9,"column":0},"end":{"line":9,"column":17}},"10":{"start":{"line":11,"column":0},"end":{"line":11,"column":1}},"12":{"start":{"line":13,"column":0},"end":{"line":13,"column":19}}},"s":{"0":1,"1":1,"3":2,"4":2,"5":2,"6":2,"7":2,"8":2,"10":2,"12":1},"branchMap":{"0":{"type":"branch","line":4,"loc":{"start":{"line":4,"column":0},"end":{"line":11,"column":1}},"locations":[{"start":{"line":4,"column":0},"end":{"line":11,"column":1}}]}},"b":{"0":[2]},"fnMap":{"0":{"name":"Top","decl":{"start":{"line":4,"column":0},"end":{"line":11,"column":1}},"loc":{"start":{"line":4,"column":0},"end":{"line":11,"column":1}},"line":4}},"f":{"0":2}}
,"C:\\Users\\hroth\\OneDrive\\github\\individuell-examination\\strajk-bowling\\src\\mocks\\handlers.js": {"path":"C:\\Users\\hroth\\OneDrive\\github\\individuell-examination\\strajk-bowling\\src\\mocks\\handlers.js","all":false,"statementMap":{"0":{"start":{"line":1,"column":0},"end":{"line":1,"column":74}},"1":{"start":{"line":2,"column":0},"end":{"line":2,"column":0}},"2":{"start":{"line":3,"column":0},"end":{"line":3,"column":25}},"3":{"start":{"line":4,"column":0},"end":{"line":4,"column":92}},"4":{"start":{"line":5,"column":0},"end":{"line":5,"column":72}},"5":{"start":{"line":6,"column":0},"end":{"line":6,"column":39}},"6":{"start":{"line":7,"column":0},"end":{"line":7,"column":7}},"7":{"start":{"line":8,"column":0},"end":{"line":8,"column":96}},"8":{"start":{"line":9,"column":0},"end":{"line":9,"column":42}},"9":{"start":{"line":10,"column":0},"end":{"line":10,"column":50}},"10":{"start":{"line":11,"column":0},"end":{"line":11,"column":63}},"11":{"start":{"line":12,"column":0},"end":{"line":12,"column":30}},"12":{"start":{"line":13,"column":0},"end":{"line":13,"column":23}},"13":{"start":{"line":14,"column":0},"end":{"line":14,"column":23}},"14":{"start":{"line":15,"column":0},"end":{"line":15,"column":25}},"15":{"start":{"line":16,"column":0},"end":{"line":16,"column":27}},"16":{"start":{"line":17,"column":0},"end":{"line":17,"column":25}},"17":{"start":{"line":18,"column":0},"end":{"line":18,"column":25}},"18":{"start":{"line":19,"column":0},"end":{"line":19,"column":24}},"19":{"start":{"line":20,"column":0},"end":{"line":20,"column":9}},"20":{"start":{"line":21,"column":0},"end":{"line":21,"column":77}},"21":{"start":{"line":22,"column":0},"end":{"line":22,"column":47}},"22":{"start":{"line":23,"column":0},"end":{"line":23,"column":7}},"23":{"start":{"line":24,"column":0},"end":{"line":24,"column":1}}},"s":{"0":1,"1":1,"2":1,"3":1,"4":0,"5":0,"6":1,"7":1,"8":0,"9":0,"10":0,"11":0,"12":0,"13":0,"14":0,"15":0,"16":0,"17":0,"18":0,"19":0,"20":0,"21":0,"22":1,"23":1},"branchMap":{},"b":{},"fnMap":{},"f":{}}
,"C:\\Users\\hroth\\OneDrive\\github\\individuell-examination\\strajk-bowling\\src\\mocks\\server.js": {"path":"C:\\Users\\hroth\\OneDrive\\github\\individuell-examination\\strajk-bowling\\src\\mocks\\server.js","all":false,"statementMap":{"0":{"start":{"line":1,"column":0},"end":{"line":1,"column":67}},"1":{"start":{"line":2,"column":0},"end":{"line":2,"column":50}},"2":{"start":{"line":3,"column":0},"end":{"line":3,"column":0}},"3":{"start":{"line":4,"column":0},"end":{"line":4,"column":46}}},"s":{"0":1,"1":1,"2":1,"3":1},"branchMap":{},"b":{},"fnMap":{},"f":{}}
,"C:\\Users\\hroth\\OneDrive\\github\\individuell-examination\\strajk-bowling\\src\\tests\\Confirmation.test.jsx": {"path":"C:\\Users\\hroth\\OneDrive\\github\\individuell-examination\\strajk-bowling\\src\\tests\\Confirmation.test.jsx","all":false,"statementMap":{"0":{"start":{"line":1,"column":0},"end":{"line":1,"column":48}},"1":{"start":{"line":2,"column":0},"end":{"line":2,"column":49}},"2":{"start":{"line":3,"column":0},"end":{"line":3,"column":56}},"4":{"start":{"line":5,"column":0},"end":{"line":5,"column":37}},"6":{"start":{"line":7,"column":0},"end":{"line":7,"column":112}},"7":{"start":{"line":8,"column":0},"end":{"line":8,"column":31}},"8":{"start":{"line":9,"column":0},"end":{"line":9,"column":15}},"9":{"start":{"line":10,"column":0},"end":{"line":10,"column":26}},"10":{"start":{"line":11,"column":0},"end":{"line":11,"column":32}},"11":{"start":{"line":12,"column":0},"end":{"line":12,"column":27}},"12":{"start":{"line":13,"column":0},"end":{"line":13,"column":10}},"13":{"start":{"line":14,"column":0},"end":{"line":14,"column":76}},"14":{"start":{"line":15,"column":0},"end":{"line":15,"column":7}},"16":{"start":{"line":17,"column":0},"end":{"line":17,"column":165}},"17":{"start":{"line":18,"column":0},"end":{"line":18,"column":29}},"18":{"start":{"line":19,"column":0},"end":{"line":19,"column":37}},"19":{"start":{"line":20,"column":0},"end":{"line":20,"column":23}},"20":{"start":{"line":21,"column":0},"end":{"line":21,"column":24}},"21":{"start":{"line":22,"column":0},"end":{"line":22,"column":41}},"22":{"start":{"line":23,"column":0},"end":{"line":23,"column":23}},"23":{"start":{"line":24,"column":0},"end":{"line":24,"column":30}},"24":{"start":{"line":25,"column":0},"end":{"line":25,"column":23}},"25":{"start":{"line":26,"column":0},"end":{"line":26,"column":9}},"26":{"start":{"line":27,"column":0},"end":{"line":27,"column":76}},"27":{"start":{"line":28,"column":0},"end":{"line":28,"column":15}},"28":{"start":{"line":29,"column":0},"end":{"line":29,"column":26}},"29":{"start":{"line":30,"column":0},"end":{"line":30,"column":32}},"30":{"start":{"line":31,"column":0},"end":{"line":31,"column":27}},"31":{"start":{"line":32,"column":0},"end":{"line":32,"column":10}},"32":{"start":{"line":33,"column":0},"end":{"line":33,"column":78}},"33":{"start":{"line":34,"column":0},"end":{"line":34,"column":62}},"34":{"start":{"line":35,"column":0},"end":{"line":35,"column":64}},"35":{"start":{"line":36,"column":0},"end":{"line":36,"column":83}},"36":{"start":{"line":37,"column":0},"end":{"line":37,"column":64}},"38":{"start":{"line":39,"column":0},"end":{"line":39,"column":7}},"40":{"start":{"line":41,"column":0},"end":{"line":41,"column":3}}},"s":{"0":1,"1":1,"2":1,"4":1,"6":1,"7":1,"8":1,"9":1,"10":1,"11":1,"12":1,"13":1,"14":1,"16":1,"17":1,"18":1,"19":1,"20":1,"21":1,"22":1,"23":1,"24":1,"25":1,"26":1,"27":1,"28":1,"29":1,"30":1,"31":1,"32":1,"33":1,"34":1,"35":1,"36":1,"38":1,"40":1},"branchMap":{"0":{"type":"branch","line":5,"loc":{"start":{"line":5,"column":30},"end":{"line":41,"column":3}},"locations":[{"start":{"line":5,"column":30},"end":{"line":41,"column":3}}]},"1":{"type":"branch","line":7,"loc":{"start":{"line":7,"column":105},"end":{"line":15,"column":5}},"locations":[{"start":{"line":7,"column":105},"end":{"line":15,"column":5}}]},"2":{"type":"branch","line":17,"loc":{"start":{"line":17,"column":158},"end":{"line":39,"column":5}},"locations":[{"start":{"line":17,"column":158},"end":{"line":39,"column":5}}]}},"b":{"0":[1],"1":[1],"2":[1]},"fnMap":{},"f":{}}
,"C:\\Users\\hroth\\OneDrive\\github\\individuell-examination\\strajk-bowling\\src\\views\\Confirmation.jsx": {"path":"C:\\Users\\hroth\\OneDrive\\github\\individuell-examination\\strajk-bowling\\src\\views\\Confirmation.jsx","all":false,"statementMap":{"0":{"start":{"line":1,"column":0},"end":{"line":1,"column":29}},"1":{"start":{"line":2,"column":0},"end":{"line":2,"column":47}},"3":{"start":{"line":4,"column":0},"end":{"line":4,"column":40}},"4":{"start":{"line":5,"column":0},"end":{"line":5,"column":61}},"5":{"start":{"line":6,"column":0},"end":{"line":6,"column":46}},"7":{"start":{"line":8,"column":0},"end":{"line":8,"column":25}},"8":{"start":{"line":9,"column":0},"end":{"line":9,"column":34}},"10":{"start":{"line":11,"column":0},"end":{"line":11,"column":22}},"11":{"start":{"line":12,"column":0},"end":{"line":12,"column":33}},"12":{"start":{"line":13,"column":0},"end":{"line":13,"column":55}},"14":{"start":{"line":15,"column":0},"end":{"line":15,"column":10}},"15":{"start":{"line":16,"column":0},"end":{"line":16,"column":38}},"16":{"start":{"line":17,"column":0},"end":{"line":17,"column":20}},"17":{"start":{"line":18,"column":0},"end":{"line":18,"column":35}},"18":{"start":{"line":19,"column":0},"end":{"line":19,"column":32}},"19":{"start":{"line":20,"column":0},"end":{"line":20,"column":48}},"20":{"start":{"line":21,"column":0},"end":{"line":21,"column":16}},"21":{"start":{"line":22,"column":0},"end":{"line":22,"column":23}},"22":{"start":{"line":23,"column":0},"end":{"line":23,"column":24}},"23":{"start":{"line":24,"column":0},"end":{"line":24,"column":23}},"24":{"start":{"line":25,"column":0},"end":{"line":25,"column":45}},"25":{"start":{"line":26,"column":0},"end":{"line":26,"column":62}},"26":{"start":{"line":27,"column":0},"end":{"line":27,"column":31}},"27":{"start":{"line":28,"column":0},"end":{"line":28,"column":12}},"28":{"start":{"line":29,"column":0},"end":{"line":29,"column":16}},"29":{"start":{"line":30,"column":0},"end":{"line":30,"column":22}},"30":{"start":{"line":31,"column":0},"end":{"line":31,"column":23}},"31":{"start":{"line":32,"column":0},"end":{"line":32,"column":23}},"32":{"start":{"line":33,"column":0},"end":{"line":33,"column":45}},"33":{"start":{"line":34,"column":0},"end":{"line":34,"column":46}},"34":{"start":{"line":35,"column":0},"end":{"line":35,"column":31}},"35":{"start":{"line":36,"column":0},"end":{"line":36,"column":12}},"36":{"start":{"line":37,"column":0},"end":{"line":37,"column":16}},"37":{"start":{"line":38,"column":0},"end":{"line":38,"column":24}},"38":{"start":{"line":39,"column":0},"end":{"line":39,"column":25}},"39":{"start":{"line":40,"column":0},"end":{"line":40,"column":23}},"40":{"start":{"line":41,"column":0},"end":{"line":41,"column":45}},"41":{"start":{"line":42,"column":0},"end":{"line":42,"column":45}},"42":{"start":{"line":43,"column":0},"end":{"line":43,"column":31}},"43":{"start":{"line":44,"column":0},"end":{"line":44,"column":12}},"44":{"start":{"line":45,"column":0},"end":{"line":45,"column":16}},"45":{"start":{"line":46,"column":0},"end":{"line":46,"column":33}},"46":{"start":{"line":47,"column":0},"end":{"line":47,"column":34}},"47":{"start":{"line":48,"column":0},"end":{"line":48,"column":23}},"48":{"start":{"line":49,"column":0},"end":{"line":49,"column":45}},"49":{"start":{"line":50,"column":0},"end":{"line":50,"column":42}},"50":{"start":{"line":51,"column":0},"end":{"line":51,"column":31}},"51":{"start":{"line":52,"column":0},"end":{"line":52,"column":12}},"52":{"start":{"line":53,"column":0},"end":{"line":53,"column":51}},"53":{"start":{"line":54,"column":0},"end":{"line":54,"column":25}},"54":{"start":{"line":55,"column":0},"end":{"line":55,"column":43}},"55":{"start":{"line":56,"column":0},"end":{"line":56,"column":20}},"56":{"start":{"line":57,"column":0},"end":{"line":57,"column":58}},"58":{"start":{"line":59,"column":0},"end":{"line":59,"column":19}},"59":{"start":{"line":60,"column":0},"end":{"line":60,"column":15}},"61":{"start":{"line":62,"column":0},"end":{"line":62,"column":73}},"63":{"start":{"line":64,"column":0},"end":{"line":64,"column":14}},"65":{"start":{"line":66,"column":0},"end":{"line":66,"column":1}},"67":{"start":{"line":68,"column":0},"end":{"line":68,"column":28}}},"s":{"0":1,"1":1,"3":1,"4":1,"5":1,"7":2,"8":2,"10":2,"11":2,"12":2,"14":2,"15":2,"16":2,"17":2,"18":2,"19":1,"20":1,"21":1,"22":1,"23":1,"24":1,"25":1,"26":1,"27":1,"28":1,"29":1,"30":1,"31":1,"32":1,"33":1,"34":1,"35":1,"36":1,"37":1,"38":1,"39":1,"40":1,"41":1,"42":1,"43":1,"44":1,"45":1,"46":1,"47":1,"48":1,"49":1,"50":1,"51":1,"52":1,"53":1,"54":1,"55":1,"56":1,"58":1,"59":1,"61":1,"63":2,"65":2,"67":1},"branchMap":{"0":{"type":"branch","line":8,"loc":{"start":{"line":8,"column":0},"end":{"line":66,"column":1}},"locations":[{"start":{"line":8,"column":0},"end":{"line":66,"column":1}}]},"1":{"type":"branch","line":12,"loc":{"start":{"line":12,"column":4},"end":{"line":12,"column":33}},"locations":[{"start":{"line":12,"column":4},"end":{"line":12,"column":33}}]},"2":{"type":"branch","line":19,"loc":{"start":{"line":19,"column":16},"end":{"line":60,"column":15}},"locations":[{"start":{"line":19,"column":16},"end":{"line":60,"column":15}}]},"3":{"type":"branch","line":60,"loc":{"start":{"line":60,"column":8},"end":{"line":62,"column":73}},"locations":[{"start":{"line":60,"column":8},"end":{"line":62,"column":73}}]}},"b":{"0":[2],"1":[0],"2":[1],"3":[1]},"fnMap":{"0":{"name":"Confirmation","decl":{"start":{"line":8,"column":0},"end":{"line":66,"column":1}},"loc":{"start":{"line":8,"column":0},"end":{"line":66,"column":1}},"line":8}},"f":{"0":2}}
}
